[INFO ] 2021-06-06 00:03:06.372 [main] Log4jDemo - This is a information message
[ERROR] 2021-06-06 00:03:06.375 [main] Log4jDemo - This is an error message
[WARN ] 2021-06-06 00:03:06.375 [main] Log4jDemo - This ia a waring message
[FATAL] 2021-06-06 00:03:06.375 [main] Log4jDemo - This is a fatal message
[INFO ] 2021-06-06 00:04:42.668 [main] Log4jDemo - This is a information message
[ERROR] 2021-06-06 00:04:42.670 [main] Log4jDemo - This is an error message
[WARN ] 2021-06-06 00:04:42.671 [main] Log4jDemo - This ia a waring message
[FATAL] 2021-06-06 00:04:42.671 [main] Log4jDemo - This is a fatal message
[INFO ] 2021-06-06 00:05:11.820 [main] Log4jDemo - This is a information message
[ERROR] 2021-06-06 00:05:11.820 [main] Log4jDemo - This is an error message
[WARN ] 2021-06-06 00:05:11.825 [main] Log4jDemo - This ia a waring message
[FATAL] 2021-06-06 00:05:11.825 [main] Log4jDemo - This is a fatal message
[INFO ] 2021-06-06 00:06:58.808 [main] Log4jDemo - This is a information message
[ERROR] 2021-06-06 00:06:58.809 [main] Log4jDemo - This is an error message
[WARN ] 2021-06-06 00:06:58.809 [main] Log4jDemo - This ia a waring message
[FATAL] 2021-06-06 00:06:58.809 [main] Log4jDemo - This is a fatal message
[TRACE] 2021-06-06 00:08:21.028 [main] Log4jDemo - This is a trace message
[INFO ] 2021-06-06 00:08:21.030 [main] Log4jDemo - This is a information message
[ERROR] 2021-06-06 00:08:21.030 [main] Log4jDemo - This is an error message
[WARN ] 2021-06-06 00:08:21.030 [main] Log4jDemo - This ia a waring message
[FATAL] 2021-06-06 00:08:21.030 [main] Log4jDemo - This is a fatal message
